mode: atomic
github.com/etcd-monitor/taskmaster/pkg/etcdctl/wrapper.go:20.71,25.2 1 38
github.com/etcd-monitor/taskmaster/pkg/etcdctl/wrapper.go:28.121,31.2 2 3
github.com/etcd-monitor/taskmaster/pkg/etcdctl/wrapper.go:34.114,37.2 2 2
github.com/etcd-monitor/taskmaster/pkg/etcdctl/wrapper.go:40.120,43.2 2 1
github.com/etcd-monitor/taskmaster/pkg/etcdctl/wrapper.go:46.104,49.2 2 1
github.com/etcd-monitor/taskmaster/pkg/etcdctl/wrapper.go:52.89,55.2 2 1
github.com/etcd-monitor/taskmaster/pkg/etcdctl/wrapper.go:58.106,61.2 2 1
github.com/etcd-monitor/taskmaster/pkg/etcdctl/wrapper.go:64.110,67.2 2 1
github.com/etcd-monitor/taskmaster/pkg/etcdctl/wrapper.go:70.81,76.37 4 2
github.com/etcd-monitor/taskmaster/pkg/etcdctl/wrapper.go:76.37,87.17 5 0
github.com/etcd-monitor/taskmaster/pkg/etcdctl/wrapper.go:87.17,89.4 1 0
github.com/etcd-monitor/taskmaster/pkg/etcdctl/wrapper.go:91.3,91.36 1 0
github.com/etcd-monitor/taskmaster/pkg/etcdctl/wrapper.go:94.2,94.21 1 0
github.com/etcd-monitor/taskmaster/pkg/etcdctl/wrapper.go:106.81,112.37 4 2
github.com/etcd-monitor/taskmaster/pkg/etcdctl/wrapper.go:112.37,114.17 2 0
github.com/etcd-monitor/taskmaster/pkg/etcdctl/wrapper.go:114.17,118.12 2 0
github.com/etcd-monitor/taskmaster/pkg/etcdctl/wrapper.go:121.3,132.36 2 0
github.com/etcd-monitor/taskmaster/pkg/etcdctl/wrapper.go:135.2,135.21 1 0
github.com/etcd-monitor/taskmaster/pkg/etcdctl/wrapper.go:151.126,154.2 2 2
github.com/etcd-monitor/taskmaster/pkg/etcdctl/wrapper.go:157.74,165.2 5 1
github.com/etcd-monitor/taskmaster/pkg/etcdctl/wrapper.go:168.72,173.25 3 2
github.com/etcd-monitor/taskmaster/pkg/etcdctl/wrapper.go:173.25,175.3 1 0
github.com/etcd-monitor/taskmaster/pkg/etcdctl/wrapper.go:180.2,180.72 1 0
github.com/etcd-monitor/taskmaster/pkg/etcdctl/wrapper.go:184.83,187.2 2 1
github.com/etcd-monitor/taskmaster/pkg/etcdctl/wrapper.go:190.114,195.2 2 1
github.com/etcd-monitor/taskmaster/pkg/etcdctl/wrapper.go:198.95,201.2 2 1
github.com/etcd-monitor/taskmaster/pkg/etcdctl/wrapper.go:204.112,207.2 2 1
github.com/etcd-monitor/taskmaster/pkg/etcdctl/wrapper.go:210.125,213.2 2 1
github.com/etcd-monitor/taskmaster/pkg/etcdctl/wrapper.go:216.150,219.2 2 1
github.com/etcd-monitor/taskmaster/pkg/etcdctl/wrapper.go:222.65,225.2 2 1
github.com/etcd-monitor/taskmaster/pkg/etcdctl/wrapper.go:228.100,231.2 2 1
github.com/etcd-monitor/taskmaster/pkg/etcdctl/wrapper.go:234.106,237.2 2 1
github.com/etcd-monitor/taskmaster/pkg/etcdctl/wrapper.go:240.99,243.2 2 1
github.com/etcd-monitor/taskmaster/pkg/etcdctl/wrapper.go:246.129,251.2 2 1
github.com/etcd-monitor/taskmaster/pkg/etcdctl/wrapper.go:254.101,263.16 7 2
github.com/etcd-monitor/taskmaster/pkg/etcdctl/wrapper.go:263.16,265.3 1 0
github.com/etcd-monitor/taskmaster/pkg/etcdctl/wrapper.go:267.2,267.28 1 0
github.com/etcd-monitor/taskmaster/pkg/etcdctl/wrapper.go:271.107,272.17 1 13
github.com/etcd-monitor/taskmaster/pkg/etcdctl/wrapper.go:273.13,274.20 1 4
github.com/etcd-monitor/taskmaster/pkg/etcdctl/wrapper.go:274.20,276.4 1 3
github.com/etcd-monitor/taskmaster/pkg/etcdctl/wrapper.go:277.3,277.38 1 1
github.com/etcd-monitor/taskmaster/pkg/etcdctl/wrapper.go:279.13,280.20 1 2
github.com/etcd-monitor/taskmaster/pkg/etcdctl/wrapper.go:280.20,282.4 1 1
github.com/etcd-monitor/taskmaster/pkg/etcdctl/wrapper.go:283.3,283.29 1 1
github.com/etcd-monitor/taskmaster/pkg/etcdctl/wrapper.go:285.23,286.20 1 2
github.com/etcd-monitor/taskmaster/pkg/etcdctl/wrapper.go:286.20,288.4 1 2
github.com/etcd-monitor/taskmaster/pkg/etcdctl/wrapper.go:289.3,289.32 1 0
github.com/etcd-monitor/taskmaster/pkg/etcdctl/wrapper.go:291.21,292.27 1 0
github.com/etcd-monitor/taskmaster/pkg/etcdctl/wrapper.go:294.25,295.31 1 0
github.com/etcd-monitor/taskmaster/pkg/etcdctl/wrapper.go:297.25,298.31 1 0
github.com/etcd-monitor/taskmaster/pkg/etcdctl/wrapper.go:300.20,301.26 1 0
github.com/etcd-monitor/taskmaster/pkg/etcdctl/wrapper.go:303.17,304.20 1 2
github.com/etcd-monitor/taskmaster/pkg/etcdctl/wrapper.go:304.20,306.4 1 1
github.com/etcd-monitor/taskmaster/pkg/etcdctl/wrapper.go:307.3,309.29 3 1
github.com/etcd-monitor/taskmaster/pkg/etcdctl/wrapper.go:311.10,312.57 1 3
