mode: set
github.com/etcd-monitor/taskmaster/pkg/etcd/client.go:54.80,58.2 1 1
github.com/etcd-monitor/taskmaster/pkg/etcd/client.go:61.93,63.16 2 1
github.com/etcd-monitor/taskmaster/pkg/etcd/client.go:63.16,65.3 1 1
github.com/etcd-monitor/taskmaster/pkg/etcd/client.go:67.2,67.39 1 1
github.com/etcd-monitor/taskmaster/pkg/etcd/client.go:71.75,77.51 2 1
github.com/etcd-monitor/taskmaster/pkg/etcd/client.go:77.51,79.3 1 1
github.com/etcd-monitor/taskmaster/pkg/etcd/client.go:81.2,85.43 4 1
github.com/etcd-monitor/taskmaster/pkg/etcd/client.go:85.43,87.17 2 1
github.com/etcd-monitor/taskmaster/pkg/etcd/client.go:87.17,89.4 1 1
github.com/etcd-monitor/taskmaster/pkg/etcd/client.go:91.3,95.22 2 0
github.com/etcd-monitor/taskmaster/pkg/etcd/client.go:95.22,99.4 3 0
github.com/etcd-monitor/taskmaster/pkg/etcd/client.go:101.3,101.25 1 0
github.com/etcd-monitor/taskmaster/pkg/etcd/client.go:104.2,104.49 1 1
github.com/etcd-monitor/taskmaster/pkg/etcd/client.go:104.49,106.3 1 1
github.com/etcd-monitor/taskmaster/pkg/etcd/client.go:108.2,108.49 1 1
github.com/etcd-monitor/taskmaster/pkg/etcd/client.go:108.49,110.3 1 1
github.com/etcd-monitor/taskmaster/pkg/etcd/client.go:112.2,112.20 1 1
github.com/etcd-monitor/taskmaster/pkg/etcd/client.go:116.66,126.16 3 1
github.com/etcd-monitor/taskmaster/pkg/etcd/client.go:126.16,129.3 2 0
github.com/etcd-monitor/taskmaster/pkg/etcd/client.go:131.2,131.20 1 1
github.com/etcd-monitor/taskmaster/pkg/etcd/health.go:20.59,31.2 2 0
github.com/etcd-monitor/taskmaster/pkg/etcd/health.go:58.73,63.16 4 0
github.com/etcd-monitor/taskmaster/pkg/etcd/health.go:63.16,66.3 2 0
github.com/etcd-monitor/taskmaster/pkg/etcd/health.go:67.2,69.38 2 0
github.com/etcd-monitor/taskmaster/pkg/etcd/health.go:69.38,71.3 1 0
github.com/etcd-monitor/taskmaster/pkg/etcd/health.go:73.2,74.16 2 0
github.com/etcd-monitor/taskmaster/pkg/etcd/health.go:74.16,76.3 1 0
github.com/etcd-monitor/taskmaster/pkg/etcd/health.go:78.2,79.58 2 0
github.com/etcd-monitor/taskmaster/pkg/etcd/health.go:79.58,81.3 1 0
github.com/etcd-monitor/taskmaster/pkg/etcd/health.go:83.2,83.41 1 0
github.com/etcd-monitor/taskmaster/pkg/etcd/health.go:87.82,92.16 4 0
github.com/etcd-monitor/taskmaster/pkg/etcd/health.go:92.16,95.3 2 0
github.com/etcd-monitor/taskmaster/pkg/etcd/health.go:96.2,99.16 3 0
github.com/etcd-monitor/taskmaster/pkg/etcd/health.go:99.16,101.3 1 0
github.com/etcd-monitor/taskmaster/pkg/etcd/health.go:103.2,104.59 2 0
github.com/etcd-monitor/taskmaster/pkg/etcd/health.go:104.59,106.3 1 0
github.com/etcd-monitor/taskmaster/pkg/etcd/health.go:108.2,108.26 1 0
github.com/etcd-monitor/taskmaster/pkg/etcd/health.go:112.78,117.16 4 0
github.com/etcd-monitor/taskmaster/pkg/etcd/health.go:117.16,120.3 2 0
github.com/etcd-monitor/taskmaster/pkg/etcd/health.go:121.2,124.16 3 0
github.com/etcd-monitor/taskmaster/pkg/etcd/health.go:124.16,126.3 1 0
github.com/etcd-monitor/taskmaster/pkg/etcd/health.go:128.2,129.57 2 0
github.com/etcd-monitor/taskmaster/pkg/etcd/health.go:129.57,131.3 1 0
github.com/etcd-monitor/taskmaster/pkg/etcd/health.go:133.2,133.24 1 0
github.com/etcd-monitor/taskmaster/pkg/etcd/helper.go:13.80,18.16 4 1
github.com/etcd-monitor/taskmaster/pkg/etcd/helper.go:18.16,21.3 2 1
github.com/etcd-monitor/taskmaster/pkg/etcd/helper.go:23.2,23.18 1 0
github.com/etcd-monitor/taskmaster/pkg/etcd/helper.go:27.89,32.16 4 1
github.com/etcd-monitor/taskmaster/pkg/etcd/helper.go:32.16,35.3 2 1
github.com/etcd-monitor/taskmaster/pkg/etcd/helper.go:37.2,37.18 1 0
github.com/etcd-monitor/taskmaster/pkg/etcd/helper.go:41.74,46.16 4 1
github.com/etcd-monitor/taskmaster/pkg/etcd/helper.go:46.16,49.3 2 1
github.com/etcd-monitor/taskmaster/pkg/etcd/helper.go:51.2,51.18 1 0
github.com/etcd-monitor/taskmaster/pkg/etcd/helper.go:61.80,63.16 2 0
github.com/etcd-monitor/taskmaster/pkg/etcd/helper.go:63.16,65.3 1 0
github.com/etcd-monitor/taskmaster/pkg/etcd/helper.go:66.2,69.16 3 0
github.com/etcd-monitor/taskmaster/pkg/etcd/helper.go:69.16,71.3 1 0
github.com/etcd-monitor/taskmaster/pkg/etcd/helper.go:73.2,74.41 2 0
github.com/etcd-monitor/taskmaster/pkg/etcd/helper.go:74.41,79.3 1 0
github.com/etcd-monitor/taskmaster/pkg/etcd/helper.go:81.2,81.20 1 0
github.com/etcd-monitor/taskmaster/pkg/etcd/helper.go:85.82,87.16 2 0
github.com/etcd-monitor/taskmaster/pkg/etcd/helper.go:87.16,89.3 1 0
github.com/etcd-monitor/taskmaster/pkg/etcd/helper.go:91.2,91.44 1 0
github.com/etcd-monitor/taskmaster/pkg/etcd/helper.go:91.44,92.28 1 0
github.com/etcd-monitor/taskmaster/pkg/etcd/helper.go:92.28,93.34 1 0
github.com/etcd-monitor/taskmaster/pkg/etcd/helper.go:93.34,95.5 1 0
github.com/etcd-monitor/taskmaster/pkg/etcd/helper.go:99.2,99.56 1 0
github.com/etcd-monitor/taskmaster/pkg/etcd/stats.go:33.43,37.2 1 0
github.com/etcd-monitor/taskmaster/pkg/etcd/stats.go:40.65,42.16 2 0
github.com/etcd-monitor/taskmaster/pkg/etcd/stats.go:42.16,44.3 1 0
github.com/etcd-monitor/taskmaster/pkg/etcd/stats.go:45.2,52.16 5 0
github.com/etcd-monitor/taskmaster/pkg/etcd/stats.go:52.16,55.3 2 0
github.com/etcd-monitor/taskmaster/pkg/etcd/stats.go:57.2,57.24 1 0
github.com/etcd-monitor/taskmaster/pkg/etcd/stats.go:61.64,63.16 2 0
github.com/etcd-monitor/taskmaster/pkg/etcd/stats.go:63.16,65.3 1 0
github.com/etcd-monitor/taskmaster/pkg/etcd/stats.go:66.2,69.16 3 0
github.com/etcd-monitor/taskmaster/pkg/etcd/stats.go:69.16,71.3 1 0
github.com/etcd-monitor/taskmaster/pkg/etcd/stats.go:73.2,79.18 2 0
github.com/etcd-monitor/taskmaster/pkg/etcd/stats.go:88.43,92.2 1 0
github.com/etcd-monitor/taskmaster/pkg/etcd/stats.go:95.65,100.2 2 0
github.com/etcd-monitor/taskmaster/pkg/etcd/stats.go:103.64,106.16 2 0
github.com/etcd-monitor/taskmaster/pkg/etcd/stats.go:106.16,108.3 1 0
github.com/etcd-monitor/taskmaster/pkg/etcd/stats.go:110.2,117.18 3 0
github.com/etcd-monitor/taskmaster/pkg/etcd/stats.go:121.57,122.21 1 0
github.com/etcd-monitor/taskmaster/pkg/etcd/stats.go:122.21,124.3 1 0
github.com/etcd-monitor/taskmaster/pkg/etcd/stats.go:125.2,125.26 1 0
