mode: set
github.com/etcd-monitor/taskmaster/pkg/monitor/alert.go:67.84,68.19 1 1
github.com/etcd-monitor/taskmaster/pkg/monitor/alert.go:68.19,70.3 1 1
github.com/etcd-monitor/taskmaster/pkg/monitor/alert.go:71.2,79.3 1 1
github.com/etcd-monitor/taskmaster/pkg/monitor/alert.go:83.58,88.2 4 1
github.com/etcd-monitor/taskmaster/pkg/monitor/alert.go:91.51,97.59 4 1
github.com/etcd-monitor/taskmaster/pkg/monitor/alert.go:97.59,98.44 1 1
github.com/etcd-monitor/taskmaster/pkg/monitor/alert.go:98.44,103.4 2 1
github.com/etcd-monitor/taskmaster/pkg/monitor/alert.go:107.2,108.42 2 1
github.com/etcd-monitor/taskmaster/pkg/monitor/alert.go:108.42,110.3 1 0
github.com/etcd-monitor/taskmaster/pkg/monitor/alert.go:113.2,121.38 3 1
github.com/etcd-monitor/taskmaster/pkg/monitor/alert.go:121.38,122.28 1 1
github.com/etcd-monitor/taskmaster/pkg/monitor/alert.go:122.28,123.41 1 1
github.com/etcd-monitor/taskmaster/pkg/monitor/alert.go:123.41,127.5 1 0
github.com/etcd-monitor/taskmaster/pkg/monitor/alert.go:133.51,140.2 5 1
github.com/etcd-monitor/taskmaster/pkg/monitor/alert.go:150.57,157.50 5 1
github.com/etcd-monitor/taskmaster/pkg/monitor/alert.go:157.50,159.43 1 1
github.com/etcd-monitor/taskmaster/pkg/monitor/alert.go:159.43,161.42 1 1
github.com/etcd-monitor/taskmaster/pkg/monitor/alert.go:161.42,163.24 2 1
github.com/etcd-monitor/taskmaster/pkg/monitor/alert.go:163.24,169.11 2 1
github.com/etcd-monitor/taskmaster/pkg/monitor/alert.go:175.2,175.21 1 1
github.com/etcd-monitor/taskmaster/pkg/monitor/alert.go:179.73,189.2 5 1
github.com/etcd-monitor/taskmaster/pkg/monitor/alert.go:201.39,203.2 1 1
github.com/etcd-monitor/taskmaster/pkg/monitor/alert.go:205.49,224.44 6 1
github.com/etcd-monitor/taskmaster/pkg/monitor/alert.go:224.44,226.3 1 0
github.com/etcd-monitor/taskmaster/pkg/monitor/alert.go:229.2,230.16 2 1
github.com/etcd-monitor/taskmaster/pkg/monitor/alert.go:230.16,232.3 1 1
github.com/etcd-monitor/taskmaster/pkg/monitor/alert.go:234.2,234.12 1 0
github.com/etcd-monitor/taskmaster/pkg/monitor/alert.go:237.61,239.28 2 1
github.com/etcd-monitor/taskmaster/pkg/monitor/alert.go:239.28,241.41 2 0
github.com/etcd-monitor/taskmaster/pkg/monitor/alert.go:241.41,243.4 1 0
github.com/etcd-monitor/taskmaster/pkg/monitor/alert.go:244.3,244.25 1 0
github.com/etcd-monitor/taskmaster/pkg/monitor/alert.go:247.2,248.38 2 1
github.com/etcd-monitor/taskmaster/pkg/monitor/alert.go:248.38,250.3 1 0
github.com/etcd-monitor/taskmaster/pkg/monitor/alert.go:250.8,250.46 1 1
github.com/etcd-monitor/taskmaster/pkg/monitor/alert.go:250.46,252.3 1 0
github.com/etcd-monitor/taskmaster/pkg/monitor/alert.go:254.2,285.78 1 1
github.com/etcd-monitor/taskmaster/pkg/monitor/alert.go:295.39,297.2 1 1
github.com/etcd-monitor/taskmaster/pkg/monitor/alert.go:299.49,324.16 3 1
github.com/etcd-monitor/taskmaster/pkg/monitor/alert.go:324.16,326.3 1 0
github.com/etcd-monitor/taskmaster/pkg/monitor/alert.go:328.2,329.16 2 1
github.com/etcd-monitor/taskmaster/pkg/monitor/alert.go:329.16,331.3 1 1
github.com/etcd-monitor/taskmaster/pkg/monitor/alert.go:332.2,334.38 2 0
github.com/etcd-monitor/taskmaster/pkg/monitor/alert.go:334.38,336.3 1 0
github.com/etcd-monitor/taskmaster/pkg/monitor/alert.go:338.2,338.12 1 0
github.com/etcd-monitor/taskmaster/pkg/monitor/alert.go:341.59,342.15 1 1
github.com/etcd-monitor/taskmaster/pkg/monitor/alert.go:343.26,344.18 1 0
github.com/etcd-monitor/taskmaster/pkg/monitor/alert.go:345.25,346.19 1 1
github.com/etcd-monitor/taskmaster/pkg/monitor/alert.go:347.10,348.16 1 0
github.com/etcd-monitor/taskmaster/pkg/monitor/alert.go:357.44,359.2 1 1
github.com/etcd-monitor/taskmaster/pkg/monitor/alert.go:361.54,375.16 3 1
github.com/etcd-monitor/taskmaster/pkg/monitor/alert.go:375.16,377.3 1 0
github.com/etcd-monitor/taskmaster/pkg/monitor/alert.go:379.2,382.16 2 1
github.com/etcd-monitor/taskmaster/pkg/monitor/alert.go:382.16,384.3 1 0
github.com/etcd-monitor/taskmaster/pkg/monitor/alert.go:385.2,387.80 2 1
github.com/etcd-monitor/taskmaster/pkg/monitor/alert.go:387.80,389.3 1 1
github.com/etcd-monitor/taskmaster/pkg/monitor/alert.go:391.2,391.12 1 0
github.com/etcd-monitor/taskmaster/pkg/monitor/alert.go:400.41,402.2 1 1
github.com/etcd-monitor/taskmaster/pkg/monitor/alert.go:404.51,414.16 3 1
github.com/etcd-monitor/taskmaster/pkg/monitor/alert.go:414.16,416.3 1 0
github.com/etcd-monitor/taskmaster/pkg/monitor/alert.go:418.2,419.16 2 1
github.com/etcd-monitor/taskmaster/pkg/monitor/alert.go:419.16,421.3 1 0
github.com/etcd-monitor/taskmaster/pkg/monitor/alert.go:423.2,424.37 2 1
github.com/etcd-monitor/taskmaster/pkg/monitor/alert.go:424.37,426.3 1 0
github.com/etcd-monitor/taskmaster/pkg/monitor/alert.go:428.2,430.16 3 1
github.com/etcd-monitor/taskmaster/pkg/monitor/alert.go:430.16,432.3 1 1
github.com/etcd-monitor/taskmaster/pkg/monitor/alert.go:433.2,435.53 2 0
github.com/etcd-monitor/taskmaster/pkg/monitor/alert.go:435.53,437.3 1 0
github.com/etcd-monitor/taskmaster/pkg/monitor/alert.go:439.2,439.12 1 0
github.com/etcd-monitor/taskmaster/pkg/monitor/alert.go:447.60,448.19 1 1
github.com/etcd-monitor/taskmaster/pkg/monitor/alert.go:448.19,450.3 1 1
github.com/etcd-monitor/taskmaster/pkg/monitor/alert.go:451.2,451.40 1 1
github.com/etcd-monitor/taskmaster/pkg/monitor/alert.go:454.41,456.2 1 1
github.com/etcd-monitor/taskmaster/pkg/monitor/alert.go:458.51,466.2 2 1
github.com/etcd-monitor/taskmaster/pkg/monitor/health.go:30.83,31.19 1 1
github.com/etcd-monitor/taskmaster/pkg/monitor/health.go:31.19,33.3 1 1
github.com/etcd-monitor/taskmaster/pkg/monitor/health.go:34.2,39.3 1 1
github.com/etcd-monitor/taskmaster/pkg/monitor/health.go:43.90,51.16 3 0
github.com/etcd-monitor/taskmaster/pkg/monitor/health.go:51.16,54.3 2 0
github.com/etcd-monitor/taskmaster/pkg/monitor/health.go:56.2,63.45 5 0
github.com/etcd-monitor/taskmaster/pkg/monitor/health.go:63.45,72.17 3 0
github.com/etcd-monitor/taskmaster/pkg/monitor/health.go:72.17,76.12 2 0
github.com/etcd-monitor/taskmaster/pkg/monitor/health.go:79.3,79.20 1 0
github.com/etcd-monitor/taskmaster/pkg/monitor/health.go:79.20,81.4 1 0
github.com/etcd-monitor/taskmaster/pkg/monitor/health.go:83.3,83.15 1 0
github.com/etcd-monitor/taskmaster/pkg/monitor/health.go:83.15,86.4 2 0
github.com/etcd-monitor/taskmaster/pkg/monitor/health.go:90.2,90.40 1 0
github.com/etcd-monitor/taskmaster/pkg/monitor/health.go:90.40,93.3 2 0
github.com/etcd-monitor/taskmaster/pkg/monitor/health.go:96.2,96.26 1 0
github.com/etcd-monitor/taskmaster/pkg/monitor/health.go:96.26,99.3 2 0
github.com/etcd-monitor/taskmaster/pkg/monitor/health.go:99.8,102.3 2 0
github.com/etcd-monitor/taskmaster/pkg/monitor/health.go:105.2,107.42 3 0
github.com/etcd-monitor/taskmaster/pkg/monitor/health.go:107.42,108.41 1 0
github.com/etcd-monitor/taskmaster/pkg/monitor/health.go:108.41,110.4 1 0
github.com/etcd-monitor/taskmaster/pkg/monitor/health.go:112.2,115.31 2 0
github.com/etcd-monitor/taskmaster/pkg/monitor/health.go:115.31,117.3 1 0
github.com/etcd-monitor/taskmaster/pkg/monitor/health.go:120.2,121.16 2 0
github.com/etcd-monitor/taskmaster/pkg/monitor/health.go:121.16,123.3 1 0
github.com/etcd-monitor/taskmaster/pkg/monitor/health.go:123.8,124.42 1 0
github.com/etcd-monitor/taskmaster/pkg/monitor/health.go:124.42,130.4 1 0
github.com/etcd-monitor/taskmaster/pkg/monitor/health.go:131.3,131.29 1 0
github.com/etcd-monitor/taskmaster/pkg/monitor/health.go:131.29,133.4 1 0
github.com/etcd-monitor/taskmaster/pkg/monitor/health.go:136.2,136.20 1 0
github.com/etcd-monitor/taskmaster/pkg/monitor/health.go:140.131,143.16 2 0
github.com/etcd-monitor/taskmaster/pkg/monitor/health.go:143.16,145.3 1 0
github.com/etcd-monitor/taskmaster/pkg/monitor/health.go:148.2,153.31 3 0
github.com/etcd-monitor/taskmaster/pkg/monitor/health.go:157.78,162.52 3 1
github.com/etcd-monitor/taskmaster/pkg/monitor/health.go:162.52,164.3 1 1
github.com/etcd-monitor/taskmaster/pkg/monitor/health.go:166.2,175.43 3 1
github.com/etcd-monitor/taskmaster/pkg/monitor/health.go:175.43,177.3 1 1
github.com/etcd-monitor/taskmaster/pkg/monitor/health.go:179.2,181.41 1 1
github.com/etcd-monitor/taskmaster/pkg/monitor/health.go:185.60,193.2 5 1
github.com/etcd-monitor/taskmaster/pkg/monitor/health.go:196.98,202.16 4 0
github.com/etcd-monitor/taskmaster/pkg/monitor/health.go:202.16,204.3 1 0
github.com/etcd-monitor/taskmaster/pkg/monitor/health.go:206.2,206.18 1 0
github.com/etcd-monitor/taskmaster/pkg/monitor/health.go:210.78,212.16 2 0
github.com/etcd-monitor/taskmaster/pkg/monitor/health.go:212.16,214.3 1 0
github.com/etcd-monitor/taskmaster/pkg/monitor/health.go:216.2,220.45 3 0
github.com/etcd-monitor/taskmaster/pkg/monitor/health.go:220.45,221.34 1 0
github.com/etcd-monitor/taskmaster/pkg/monitor/health.go:221.34,222.12 1 0
github.com/etcd-monitor/taskmaster/pkg/monitor/health.go:225.3,226.17 2 0
github.com/etcd-monitor/taskmaster/pkg/monitor/health.go:226.17,230.12 2 0
github.com/etcd-monitor/taskmaster/pkg/monitor/health.go:233.3,233.37 1 0
github.com/etcd-monitor/taskmaster/pkg/monitor/health.go:233.37,236.4 2 0
github.com/etcd-monitor/taskmaster/pkg/monitor/health.go:240.2,240.21 1 0
github.com/etcd-monitor/taskmaster/pkg/monitor/health.go:240.21,245.3 2 0
github.com/etcd-monitor/taskmaster/pkg/monitor/health.go:247.2,247.19 1 0
github.com/etcd-monitor/taskmaster/pkg/monitor/health.go:251.101,255.16 3 0
github.com/etcd-monitor/taskmaster/pkg/monitor/health.go:255.16,257.3 1 0
github.com/etcd-monitor/taskmaster/pkg/monitor/health.go:259.2,259.45 1 0
github.com/etcd-monitor/taskmaster/pkg/monitor/health.go:259.45,260.34 1 0
github.com/etcd-monitor/taskmaster/pkg/monitor/health.go:260.34,261.12 1 0
github.com/etcd-monitor/taskmaster/pkg/monitor/health.go:264.3,268.17 4 0
github.com/etcd-monitor/taskmaster/pkg/monitor/health.go:268.17,272.12 2 0
github.com/etcd-monitor/taskmaster/pkg/monitor/health.go:275.3,275.34 1 0
github.com/etcd-monitor/taskmaster/pkg/monitor/health.go:278.2,278.23 1 0
github.com/etcd-monitor/taskmaster/pkg/monitor/health.go:282.71,284.16 2 0
github.com/etcd-monitor/taskmaster/pkg/monitor/health.go:284.16,286.3 1 0
github.com/etcd-monitor/taskmaster/pkg/monitor/health.go:287.2,287.23 1 0
github.com/etcd-monitor/taskmaster/pkg/monitor/health.go:303.83,305.16 2 0
github.com/etcd-monitor/taskmaster/pkg/monitor/health.go:305.16,307.3 1 0
github.com/etcd-monitor/taskmaster/pkg/monitor/health.go:309.2,311.45 2 0
github.com/etcd-monitor/taskmaster/pkg/monitor/health.go:311.45,320.33 2 0
github.com/etcd-monitor/taskmaster/pkg/monitor/health.go:320.33,329.18 3 0
github.com/etcd-monitor/taskmaster/pkg/monitor/health.go:329.18,334.5 2 0
github.com/etcd-monitor/taskmaster/pkg/monitor/health.go:334.10,339.83 3 0
github.com/etcd-monitor/taskmaster/pkg/monitor/health.go:339.83,342.6 2 0
github.com/etcd-monitor/taskmaster/pkg/monitor/health.go:346.3,346.42 1 0
github.com/etcd-monitor/taskmaster/pkg/monitor/health.go:349.2,349.25 1 0
github.com/etcd-monitor/taskmaster/pkg/monitor/metrics.go:32.89,33.19 1 1
github.com/etcd-monitor/taskmaster/pkg/monitor/metrics.go:33.19,35.3 1 0
github.com/etcd-monitor/taskmaster/pkg/monitor/metrics.go:36.2,41.3 1 1
github.com/etcd-monitor/taskmaster/pkg/monitor/metrics.go:45.91,57.12 6 0
github.com/etcd-monitor/taskmaster/pkg/monitor/metrics.go:57.12,59.66 2 0
github.com/etcd-monitor/taskmaster/pkg/monitor/metrics.go:59.66,63.4 3 0
github.com/etcd-monitor/taskmaster/pkg/monitor/metrics.go:67.2,68.12 2 0
github.com/etcd-monitor/taskmaster/pkg/monitor/metrics.go:68.12,70.65 2 0
github.com/etcd-monitor/taskmaster/pkg/monitor/metrics.go:70.65,74.4 3 0
github.com/etcd-monitor/taskmaster/pkg/monitor/metrics.go:78.2,79.12 2 0
github.com/etcd-monitor/taskmaster/pkg/monitor/metrics.go:79.12,81.62 2 0
github.com/etcd-monitor/taskmaster/pkg/monitor/metrics.go:81.62,85.4 3 0
github.com/etcd-monitor/taskmaster/pkg/monitor/metrics.go:89.2,90.12 2 0
github.com/etcd-monitor/taskmaster/pkg/monitor/metrics.go:90.12,92.64 2 0
github.com/etcd-monitor/taskmaster/pkg/monitor/metrics.go:92.64,96.4 3 0
github.com/etcd-monitor/taskmaster/pkg/monitor/metrics.go:99.2,101.21 2 0
github.com/etcd-monitor/taskmaster/pkg/monitor/metrics.go:101.21,104.3 1 0
github.com/etcd-monitor/taskmaster/pkg/monitor/metrics.go:106.2,106.22 1 0
github.com/etcd-monitor/taskmaster/pkg/monitor/metrics.go:110.106,113.16 2 0
github.com/etcd-monitor/taskmaster/pkg/monitor/metrics.go:113.16,115.3 1 0
github.com/etcd-monitor/taskmaster/pkg/monitor/metrics.go:118.2,118.45 1 0
github.com/etcd-monitor/taskmaster/pkg/monitor/metrics.go:118.45,119.34 1 0
github.com/etcd-monitor/taskmaster/pkg/monitor/metrics.go:119.34,120.12 1 0
github.com/etcd-monitor/taskmaster/pkg/monitor/metrics.go:123.3,124.17 2 0
github.com/etcd-monitor/taskmaster/pkg/monitor/metrics.go:124.17,125.12 1 0
github.com/etcd-monitor/taskmaster/pkg/monitor/metrics.go:128.3,128.37 1 0
github.com/etcd-monitor/taskmaster/pkg/monitor/metrics.go:128.37,131.9 3 0
github.com/etcd-monitor/taskmaster/pkg/monitor/metrics.go:135.2,135.12 1 0
github.com/etcd-monitor/taskmaster/pkg/monitor/metrics.go:139.105,142.26 2 0
github.com/etcd-monitor/taskmaster/pkg/monitor/metrics.go:142.26,147.17 4 0
github.com/etcd-monitor/taskmaster/pkg/monitor/metrics.go:147.17,149.4 1 0
github.com/etcd-monitor/taskmaster/pkg/monitor/metrics.go:153.2,153.28 1 0
github.com/etcd-monitor/taskmaster/pkg/monitor/metrics.go:153.28,158.3 4 0
github.com/etcd-monitor/taskmaster/pkg/monitor/metrics.go:161.2,163.26 3 0
github.com/etcd-monitor/taskmaster/pkg/monitor/metrics.go:163.26,168.17 4 0
github.com/etcd-monitor/taskmaster/pkg/monitor/metrics.go:168.17,170.4 1 0
github.com/etcd-monitor/taskmaster/pkg/monitor/metrics.go:174.2,177.29 2 0
github.com/etcd-monitor/taskmaster/pkg/monitor/metrics.go:177.29,182.3 4 0
github.com/etcd-monitor/taskmaster/pkg/monitor/metrics.go:185.2,192.12 2 0
github.com/etcd-monitor/taskmaster/pkg/monitor/metrics.go:196.102,199.16 2 0
github.com/etcd-monitor/taskmaster/pkg/monitor/metrics.go:199.16,201.3 1 0
github.com/etcd-monitor/taskmaster/pkg/monitor/metrics.go:203.2,203.45 1 0
github.com/etcd-monitor/taskmaster/pkg/monitor/metrics.go:203.45,204.34 1 0
github.com/etcd-monitor/taskmaster/pkg/monitor/metrics.go:204.34,205.12 1 0
github.com/etcd-monitor/taskmaster/pkg/monitor/metrics.go:208.3,209.17 2 0
github.com/etcd-monitor/taskmaster/pkg/monitor/metrics.go:209.17,213.12 2 0
github.com/etcd-monitor/taskmaster/pkg/monitor/metrics.go:217.3,218.58 2 0
github.com/etcd-monitor/taskmaster/pkg/monitor/metrics.go:222.2,222.12 1 0
github.com/etcd-monitor/taskmaster/pkg/monitor/metrics.go:226.104,233.16 2 0
github.com/etcd-monitor/taskmaster/pkg/monitor/metrics.go:233.16,235.3 1 0
github.com/etcd-monitor/taskmaster/pkg/monitor/metrics.go:237.2,239.12 2 0
github.com/etcd-monitor/taskmaster/pkg/monitor/metrics.go:243.86,250.44 4 1
github.com/etcd-monitor/taskmaster/pkg/monitor/metrics.go:250.44,252.3 1 1
github.com/etcd-monitor/taskmaster/pkg/monitor/metrics.go:256.70,264.2 5 1
github.com/etcd-monitor/taskmaster/pkg/monitor/metrics.go:267.112,272.16 3 0
github.com/etcd-monitor/taskmaster/pkg/monitor/metrics.go:272.16,274.3 1 0
github.com/etcd-monitor/taskmaster/pkg/monitor/metrics.go:277.2,281.16 3 0
github.com/etcd-monitor/taskmaster/pkg/monitor/metrics.go:281.16,283.3 1 0
github.com/etcd-monitor/taskmaster/pkg/monitor/metrics.go:286.2,290.18 4 0
github.com/etcd-monitor/taskmaster/pkg/monitor/metrics.go:294.113,304.34 4 0
github.com/etcd-monitor/taskmaster/pkg/monitor/metrics.go:304.34,309.17 4 0
github.com/etcd-monitor/taskmaster/pkg/monitor/metrics.go:309.17,311.4 1 0
github.com/etcd-monitor/taskmaster/pkg/monitor/metrics.go:311.9,313.4 1 0
github.com/etcd-monitor/taskmaster/pkg/monitor/metrics.go:317.2,317.34 1 0
github.com/etcd-monitor/taskmaster/pkg/monitor/metrics.go:317.34,322.17 4 0
github.com/etcd-monitor/taskmaster/pkg/monitor/metrics.go:322.17,324.4 1 0
github.com/etcd-monitor/taskmaster/pkg/monitor/metrics.go:324.9,326.4 1 0
github.com/etcd-monitor/taskmaster/pkg/monitor/metrics.go:330.2,330.28 1 0
github.com/etcd-monitor/taskmaster/pkg/monitor/metrics.go:330.28,335.3 4 0
github.com/etcd-monitor/taskmaster/pkg/monitor/metrics.go:337.2,337.29 1 0
github.com/etcd-monitor/taskmaster/pkg/monitor/metrics.go:337.29,342.3 4 0
github.com/etcd-monitor/taskmaster/pkg/monitor/metrics.go:344.2,348.20 4 0
github.com/etcd-monitor/taskmaster/pkg/monitor/metrics.go:369.54,370.22 1 1
github.com/etcd-monitor/taskmaster/pkg/monitor/metrics.go:370.22,372.3 1 1
github.com/etcd-monitor/taskmaster/pkg/monitor/metrics.go:374.2,375.15 2 1
github.com/etcd-monitor/taskmaster/pkg/monitor/metrics.go:375.15,377.3 1 0
github.com/etcd-monitor/taskmaster/pkg/monitor/metrics.go:378.2,378.26 1 1
github.com/etcd-monitor/taskmaster/pkg/monitor/metrics.go:378.26,380.3 1 0
github.com/etcd-monitor/taskmaster/pkg/monitor/metrics.go:382.2,382.22 1 1
github.com/etcd-monitor/taskmaster/pkg/monitor/service.go:129.85,130.19 1 0
github.com/etcd-monitor/taskmaster/pkg/monitor/service.go:130.19,133.17 3 0
github.com/etcd-monitor/taskmaster/pkg/monitor/service.go:133.17,135.4 1 0
github.com/etcd-monitor/taskmaster/pkg/monitor/service.go:138.2,148.16 3 0
github.com/etcd-monitor/taskmaster/pkg/monitor/service.go:152.41,156.18 3 0
github.com/etcd-monitor/taskmaster/pkg/monitor/service.go:156.18,158.3 1 0
github.com/etcd-monitor/taskmaster/pkg/monitor/service.go:161.2,168.16 4 0
github.com/etcd-monitor/taskmaster/pkg/monitor/service.go:168.16,170.3 1 0
github.com/etcd-monitor/taskmaster/pkg/monitor/service.go:173.2,186.12 10 0
github.com/etcd-monitor/taskmaster/pkg/monitor/service.go:190.40,194.19 3 0
github.com/etcd-monitor/taskmaster/pkg/monitor/service.go:194.19,196.3 1 0
github.com/etcd-monitor/taskmaster/pkg/monitor/service.go:198.2,201.22 3 0
github.com/etcd-monitor/taskmaster/pkg/monitor/service.go:201.22,202.43 1 0
github.com/etcd-monitor/taskmaster/pkg/monitor/service.go:202.43,204.4 1 0
github.com/etcd-monitor/taskmaster/pkg/monitor/service.go:207.2,210.12 3 0
github.com/etcd-monitor/taskmaster/pkg/monitor/service.go:214.45,220.6 4 0
github.com/etcd-monitor/taskmaster/pkg/monitor/service.go:220.6,221.10 1 0
github.com/etcd-monitor/taskmaster/pkg/monitor/service.go:222.24,223.10 1 0
github.com/etcd-monitor/taskmaster/pkg/monitor/service.go:224.19,226.18 2 0
github.com/etcd-monitor/taskmaster/pkg/monitor/service.go:226.18,228.13 2 0
github.com/etcd-monitor/taskmaster/pkg/monitor/service.go:232.4,232.32 1 0
github.com/etcd-monitor/taskmaster/pkg/monitor/service.go:238.50,244.6 4 0
github.com/etcd-monitor/taskmaster/pkg/monitor/service.go:244.6,245.10 1 0
github.com/etcd-monitor/taskmaster/pkg/monitor/service.go:246.24,247.10 1 0
github.com/etcd-monitor/taskmaster/pkg/monitor/service.go:248.19,250.18 2 0
github.com/etcd-monitor/taskmaster/pkg/monitor/service.go:250.18,252.13 2 0
github.com/etcd-monitor/taskmaster/pkg/monitor/service.go:256.4,256.33 1 0
github.com/etcd-monitor/taskmaster/pkg/monitor/service.go:262.40,268.6 3 0
github.com/etcd-monitor/taskmaster/pkg/monitor/service.go:268.6,269.10 1 0
github.com/etcd-monitor/taskmaster/pkg/monitor/service.go:270.24,271.10 1 0
github.com/etcd-monitor/taskmaster/pkg/monitor/service.go:272.33,273.30 1 0
github.com/etcd-monitor/taskmaster/pkg/monitor/service.go:273.30,275.13 2 0
github.com/etcd-monitor/taskmaster/pkg/monitor/service.go:278.4,278.43 1 0
github.com/etcd-monitor/taskmaster/pkg/monitor/service.go:278.43,280.5 1 0
github.com/etcd-monitor/taskmaster/pkg/monitor/service.go:286.67,287.20 1 0
github.com/etcd-monitor/taskmaster/pkg/monitor/service.go:288.18,291.43 1 0
github.com/etcd-monitor/taskmaster/pkg/monitor/service.go:292.21,294.44 1 0
github.com/etcd-monitor/taskmaster/pkg/monitor/service.go:299.68,300.21 1 0
github.com/etcd-monitor/taskmaster/pkg/monitor/service.go:300.21,308.3 1 0
github.com/etcd-monitor/taskmaster/pkg/monitor/service.go:310.2,310.23 1 0
github.com/etcd-monitor/taskmaster/pkg/monitor/service.go:310.23,317.3 1 0
github.com/etcd-monitor/taskmaster/pkg/monitor/service.go:319.2,319.29 1 0
github.com/etcd-monitor/taskmaster/pkg/monitor/service.go:319.29,326.3 1 0
github.com/etcd-monitor/taskmaster/pkg/monitor/service.go:328.2,328.28 1 0
github.com/etcd-monitor/taskmaster/pkg/monitor/service.go:328.28,329.39 1 0
github.com/etcd-monitor/taskmaster/pkg/monitor/service.go:329.39,337.4 1 0
github.com/etcd-monitor/taskmaster/pkg/monitor/service.go:342.71,346.64 2 0
github.com/etcd-monitor/taskmaster/pkg/monitor/service.go:346.64,354.3 1 0
github.com/etcd-monitor/taskmaster/pkg/monitor/service.go:357.2,358.54 2 0
github.com/etcd-monitor/taskmaster/pkg/monitor/service.go:358.54,366.3 1 0
github.com/etcd-monitor/taskmaster/pkg/monitor/service.go:369.2,369.35 1 0
github.com/etcd-monitor/taskmaster/pkg/monitor/service.go:369.35,377.3 1 0
github.com/etcd-monitor/taskmaster/pkg/monitor/service.go:381.70,382.29 1 0
github.com/etcd-monitor/taskmaster/pkg/monitor/service.go:382.29,384.3 1 0
github.com/etcd-monitor/taskmaster/pkg/monitor/service.go:385.2,385.66 1 0
github.com/etcd-monitor/taskmaster/pkg/monitor/service.go:389.73,390.32 1 0
github.com/etcd-monitor/taskmaster/pkg/monitor/service.go:390.32,392.3 1 0
github.com/etcd-monitor/taskmaster/pkg/monitor/service.go:393.2,393.65 1 0
github.com/etcd-monitor/taskmaster/pkg/monitor/service.go:397.44,401.2 3 0
github.com/etcd-monitor/taskmaster/pkg/monitor/service.go:404.61,406.2 1 0
github.com/etcd-monitor/taskmaster/pkg/monitor/service.go:409.67,411.2 1 0
github.com/etcd-monitor/taskmaster/pkg/monitor/service.go:414.59,416.2 1 0
